app/build/intermediates/manifest_merge_blame_file/debug/processDebugMainManifest/manifest-merger-blame-debug-report.txt
1<?xml version="1.0" encoding="utf-8"?>
2<manifest xmlns:android="http://schemas.android.com/apk/res/android"
3    package="com.loki.kidato"
4    android:versionCode="1"
5    android:versionName="1.0" >
6
7    <uses-sdk
8        android:minSdkVersion="24"
9        android:targetSdkVersion="36" />
10
11    <uses-permission android:name="android.permission.INTERNET" />
11-->[com.google.firebase:firebase-auth:22.3.1] AndroidManifest.xml:25:5-67
11-->[com.google.firebase:firebase-auth:22.3.1] AndroidManifest.xml:25:22-64
12    <uses-permission android:name="android.permission.ACCESS_NETWORK_STATE" />
12-->[com.google.firebase:firebase-auth:22.3.1] AndroidManifest.xml:26:5-79
12-->[com.google.firebase:firebase-auth:22.3.1] AndroidManifest.xml:26:22-76
13    <uses-permission android:name="com.google.android.providers.gsf.permission.READ_GSERVICES" />
13-->[com.google.android.recaptcha:recaptcha:18.4.0] AndroidManifest.xml:9:5-98
13-->[com.google.android.recaptcha:recaptcha:18.4.0] AndroidManifest.xml:9:22-95
14
15    <permission
15-->[androidx.core:core:1.13.1] AndroidManifest.xml:22:5-24:47
16        android:name="com.loki.kidato.DYNAMIC_RECEIVER_NOT_EXPORTED_PERMISSION"
16-->[androidx.core:core:1.13.1] AndroidManifest.xml:23:9-81
17        android:protectionLevel="signature" />
17-->[androidx.core:core:1.13.1] AndroidManifest.xml:24:9-44
18
19    <uses-permission android:name="com.loki.kidato.DYNAMIC_RECEIVER_NOT_EXPORTED_PERMISSION" />
19-->[androidx.core:core:1.13.1] AndroidManifest.xml:26:5-97
19-->[androidx.core:core:1.13.1] AndroidManifest.xml:26:22-94
20
21    <application
21-->src\main\AndroidManifest.xml:5:5-25:19
22        android:allowBackup="true"
22-->src\main\AndroidManifest.xml:6:9-35
23        android:appComponentFactory="androidx.core.app.CoreComponentFactory"
23-->[androidx.core:core:1.13.1] AndroidManifest.xml:28:18-86
24        android:dataExtractionRules="@xml/data_extraction_rules"
24-->src\main\AndroidManifest.xml:7:9-65
25        android:debuggable="true"
26        android:extractNativeLibs="false"
27        android:fullBackupContent="@xml/backup_rules"
27-->src\main\AndroidManifest.xml:8:9-54
28        android:icon="@mipmap/ic_launcher"
28-->src\main\AndroidManifest.xml:9:9-43
29        android:label="@string/app_name"
29-->src\main\AndroidManifest.xml:10:9-41
30        android:roundIcon="@mipmap/ic_launcher_round"
30-->src\main\AndroidManifest.xml:11:9-54
31        android:supportsRtl="true"
31-->src\main\AndroidManifest.xml:12:9-35
32        android:testOnly="true"
33        android:theme="@style/Theme.Kidato" >
33-->src\main\AndroidManifest.xml:13:9-44
34        <activity
34-->src\main\AndroidManifest.xml:14:9-24:20
35            android:name="com.loki.kidato.MainActivity"
35-->src\main\AndroidManifest.xml:15:13-41
36            android:exported="true"
36-->src\main\AndroidManifest.xml:16:13-36
37            android:label="@string/app_name"
37-->src\main\AndroidManifest.xml:17:13-45
38            android:theme="@style/Theme.Kidato" >
38-->src\main\AndroidManifest.xml:18:13-48
39            <intent-filter>
39-->src\main\AndroidManifest.xml:19:13-23:29
40                <action android:name="android.intent.action.MAIN" />
40-->src\main\AndroidManifest.xml:20:17-69
40-->src\main\AndroidManifest.xml:20:25-66
41
42                <category android:name="android.intent.category.LAUNCHER" />
42-->src\main\AndroidManifest.xml:22:17-77
42-->src\main\AndroidManifest.xml:22:27-74
43            </intent-filter>
44        </activity>
45        <activity
45-->[com.google.firebase:firebase-auth:22.3.1] AndroidManifest.xml:29:9-46:20
46            android:name="com.google.firebase.auth.internal.GenericIdpActivity"
46-->[com.google.firebase:firebase-auth:22.3.1] AndroidManifest.xml:30:13-80
47            android:excludeFromRecents="true"
47-->[com.google.firebase:firebase-auth:22.3.1] AndroidManifest.xml:31:13-46
48            android:exported="true"
48-->[com.google.firebase:firebase-auth:22.3.1] AndroidManifest.xml:32:13-36
49            android:launchMode="singleTask"
49-->[com.google.firebase:firebase-auth:22.3.1] AndroidManifest.xml:33:13-44
50            android:theme="@android:style/Theme.Translucent.NoTitleBar" >
50-->[com.google.firebase:firebase-auth:22.3.1] AndroidManifest.xml:34:13-72
51            <intent-filter>
51-->[com.google.firebase:firebase-auth:22.3.1] AndroidManifest.xml:35:13-45:29
52                <action android:name="android.intent.action.VIEW" />
52-->[com.google.firebase:firebase-auth:22.3.1] AndroidManifest.xml:36:17-69
52-->[com.google.firebase:firebase-auth:22.3.1] AndroidManifest.xml:36:25-66
53
54                <category android:name="android.intent.category.DEFAULT" />
54-->[com.google.firebase:firebase-auth:22.3.1] AndroidManifest.xml:38:17-76
54-->[com.google.firebase:firebase-auth:22.3.1] AndroidManifest.xml:38:27-73
55                <category android:name="android.intent.category.BROWSABLE" />
55-->[com.google.firebase:firebase-auth:22.3.1] AndroidManifest.xml:39:17-78
55-->[com.google.firebase:firebase-auth:22.3.1] AndroidManifest.xml:39:27-75
56
57                <data
57-->[com.google.firebase:firebase-auth:22.3.1] AndroidManifest.xml:41:17-44:51
58                    android:host="firebase.auth"
58-->[com.google.firebase:firebase-auth:22.3.1] AndroidManifest.xml:42:21-49
59                    android:path="/"
59-->[com.google.firebase:firebase-auth:22.3.1] AndroidManifest.xml:43:21-37
60                    android:scheme="genericidp" />
60-->[com.google.firebase:firebase-auth:22.3.1] AndroidManifest.xml:44:21-48
61            </intent-filter>
62        </activity>
63        <activity
63-->[com.google.firebase:firebase-auth:22.3.1] AndroidManifest.xml:47:9-64:20
64            android:name="com.google.firebase.auth.internal.RecaptchaActivity"
64-->[com.google.firebase:firebase-auth:22.3.1] AndroidManifest.xml:48:13-79
65            android:excludeFromRecents="true"
65-->[com.google.firebase:firebase-auth:22.3.1] AndroidManifest.xml:49:13-46
66            android:exported="true"
66-->[com.google.firebase:firebase-auth:22.3.1] AndroidManifest.xml:50:13-36
67            android:launchMode="singleTask"
67-->[com.google.firebase:firebase-auth:22.3.1] AndroidManifest.xml:51:13-44
68            android:theme="@android:style/Theme.Translucent.NoTitleBar" >
68-->[com.google.firebase:firebase-auth:22.3.1] AndroidManifest.xml:52:13-72
69            <intent-filter>
69-->[com.google.firebase:firebase-auth:22.3.1] AndroidManifest.xml:53:13-63:29
70                <action android:name="android.intent.action.VIEW" />
70-->[com.google.firebase:firebase-auth:22.3.1] AndroidManifest.xml:36:17-69
70-->[com.google.firebase:firebase-auth:22.3.1] AndroidManifest.xml:36:25-66
71
72                <category android:name="android.intent.category.DEFAULT" />
72-->[com.google.firebase:firebase-auth:22.3.1] AndroidManifest.xml:38:17-76
72-->[com.google.firebase:firebase-auth:22.3.1] AndroidManifest.xml:38:27-73
73                <category android:name="android.intent.category.BROWSABLE" />
73-->[com.google.firebase:firebase-auth:22.3.1] AndroidManifest.xml:39:17-78
73-->[com.google.firebase:firebase-auth:22.3.1] AndroidManifest.xml:39:27-75
74
75                <data
75-->[com.google.firebase:firebase-auth:22.3.1] AndroidManifest.xml:41:17-44:51
76                    android:host="firebase.auth"
76-->[com.google.firebase:firebase-auth:22.3.1] AndroidManifest.xml:42:21-49
77                    android:path="/"
77-->[com.google.firebase:firebase-auth:22.3.1] AndroidManifest.xml:43:21-37
78                    android:scheme="recaptcha" />
78-->[com.google.firebase:firebase-auth:22.3.1] AndroidManifest.xml:44:21-48
79            </intent-filter>
80        </activity>
81
82        <service
82-->[com.google.firebase:firebase-auth:22.3.1] AndroidManifest.xml:66:9-72:19
83            android:name="com.google.firebase.components.ComponentDiscoveryService"
83-->[com.google.firebase:firebase-auth:22.3.1] AndroidManifest.xml:67:13-84
84            android:directBootAware="true"
84-->[com.google.firebase:firebase-common:20.4.2] AndroidManifest.xml:32:13-43
85            android:exported="false" >
85-->[com.google.firebase:firebase-auth:22.3.1] AndroidManifest.xml:68:13-37
86            <meta-data
86-->[com.google.firebase:firebase-auth:22.3.1] AndroidManifest.xml:69:13-71:85
87                android:name="com.google.firebase.components:com.google.firebase.auth.FirebaseAuthRegistrar"
87-->[com.google.firebase:firebase-auth:22.3.1] AndroidManifest.xml:70:17-109
88                android:value="com.google.firebase.components.ComponentRegistrar" />
88-->[com.google.firebase:firebase-auth:22.3.1] AndroidManifest.xml:71:17-82
89            <meta-data
89-->[com.google.firebase:firebase-firestore:24.10.2] AndroidManifest.xml:17:13-19:85
90                android:name="com.google.firebase.components:com.google.firebase.firestore.FirebaseFirestoreKtxRegistrar"
90-->[com.google.firebase:firebase-firestore:24.10.2] AndroidManifest.xml:18:17-122
91                android:value="com.google.firebase.components.ComponentRegistrar" />
91-->[com.google.firebase:firebase-firestore:24.10.2] AndroidManifest.xml:19:17-82
92            <meta-data
92-->[com.google.firebase:firebase-firestore:24.10.2] AndroidManifest.xml:20:13-22:85
93                android:name="com.google.firebase.components:com.google.firebase.firestore.FirestoreRegistrar"
93-->[com.google.firebase:firebase-firestore:24.10.2] AndroidManifest.xml:21:17-111
94                android:value="com.google.firebase.components.ComponentRegistrar" />
94-->[com.google.firebase:firebase-firestore:24.10.2] AndroidManifest.xml:22:17-82
95            <meta-data
95-->[com.google.firebase:firebase-storage:20.3.0] AndroidManifest.xml:30:13-32:85
96                android:name="com.google.firebase.components:com.google.firebase.storage.FirebaseStorageKtxRegistrar"
96-->[com.google.firebase:firebase-storage:20.3.0] AndroidManifest.xml:31:17-118
97                android:value="com.google.firebase.components.ComponentRegistrar" />
97-->[com.google.firebase:firebase-storage:20.3.0] AndroidManifest.xml:32:17-82
98            <meta-data
98-->[com.google.firebase:firebase-storage:20.3.0] AndroidManifest.xml:33:13-35:85
99                android:name="com.google.firebase.components:com.google.firebase.storage.StorageRegistrar"
99-->[com.google.firebase:firebase-storage:20.3.0] AndroidManifest.xml:34:17-107
100                android:value="com.google.firebase.components.ComponentRegistrar" />
100-->[com.google.firebase:firebase-storage:20.3.0] AndroidManifest.xml:35:17-82
101            <meta-data
101-->[com.google.firebase:firebase-appcheck:17.1.2] AndroidManifest.xml:25:13-27:85
102                android:name="com.google.firebase.components:com.google.firebase.appcheck.FirebaseAppCheckKtxRegistrar"
102-->[com.google.firebase:firebase-appcheck:17.1.2] AndroidManifest.xml:26:17-120
103                android:value="com.google.firebase.components.ComponentRegistrar" />
103-->[com.google.firebase:firebase-appcheck:17.1.2] AndroidManifest.xml:27:17-82
104            <meta-data
104-->[com.google.firebase:firebase-appcheck:17.1.2] AndroidManifest.xml:28:13-30:85
105                android:name="com.google.firebase.components:com.google.firebase.appcheck.FirebaseAppCheckRegistrar"
105-->[com.google.firebase:firebase-appcheck:17.1.2] AndroidManifest.xml:29:17-117
106                android:value="com.google.firebase.components.ComponentRegistrar" />
106-->[com.google.firebase:firebase-appcheck:17.1.2] AndroidManifest.xml:30:17-82
107            <meta-data
107-->[com.google.firebase:firebase-common-ktx:20.4.2] AndroidManifest.xml:12:13-14:85
108                android:name="com.google.firebase.components:com.google.firebase.ktx.FirebaseCommonLegacyRegistrar"
108-->[com.google.firebase:firebase-common-ktx:20.4.2] AndroidManifest.xml:13:17-116
109                android:value="com.google.firebase.components.ComponentRegistrar" />
109-->[com.google.firebase:firebase-common-ktx:20.4.2] AndroidManifest.xml:14:17-82
110            <meta-data
110-->[com.google.firebase:firebase-common:20.4.2] AndroidManifest.xml:35:13-37:85
111                android:name="com.google.firebase.components:com.google.firebase.FirebaseCommonKtxRegistrar"
111-->[com.google.firebase:firebase-common:20.4.2] AndroidManifest.xml:36:17-109
112                android:value="com.google.firebase.components.ComponentRegistrar" />
112-->[com.google.firebase:firebase-common:20.4.2] AndroidManifest.xml:37:17-82
113        </service>
114
115        <activity
115-->[com.google.android.gms:play-services-auth:21.2.0] AndroidManifest.xml:23:9-27:75
116            android:name="com.google.android.gms.auth.api.signin.internal.SignInHubActivity"
116-->[com.google.android.gms:play-services-auth:21.2.0] AndroidManifest.xml:24:13-93
117            android:excludeFromRecents="true"
117-->[com.google.android.gms:play-services-auth:21.2.0] AndroidManifest.xml:25:13-46
118            android:exported="false"
118-->[com.google.android.gms:play-services-auth:21.2.0] AndroidManifest.xml:26:13-37
119            android:theme="@android:style/Theme.Translucent.NoTitleBar" />
119-->[com.google.android.gms:play-services-auth:21.2.0] AndroidManifest.xml:27:13-72
120        <!--
121            Service handling Google Sign-In user revocation. For apps that do not integrate with
122            Google Sign-In, this service will never be started.
123        -->
124        <service
124-->[com.google.android.gms:play-services-auth:21.2.0] AndroidManifest.xml:33:9-37:51
125            android:name="com.google.android.gms.auth.api.signin.RevocationBoundService"
125-->[com.google.android.gms:play-services-auth:21.2.0] AndroidManifest.xml:34:13-89
126            android:exported="true"
126-->[com.google.android.gms:play-services-auth:21.2.0] AndroidManifest.xml:35:13-36
127            android:permission="com.google.android.gms.auth.api.signin.permission.REVOCATION_NOTIFICATION"
127-->[com.google.android.gms:play-services-auth:21.2.0] AndroidManifest.xml:36:13-107
128            android:visibleToInstantApps="true" />
128-->[com.google.android.gms:play-services-auth:21.2.0] AndroidManifest.xml:37:13-48
129
130        <activity
130-->[com.google.android.gms:play-services-base:18.3.0] AndroidManifest.xml:20:9-22:45
131            android:name="com.google.android.gms.common.api.GoogleApiActivity"
131-->[com.google.android.gms:play-services-base:18.3.0] AndroidManifest.xml:20:19-85
132            android:exported="false"
132-->[com.google.android.gms:play-services-base:18.3.0] AndroidManifest.xml:22:19-43
133            android:theme="@android:style/Theme.Translucent.NoTitleBar" />
133-->[com.google.android.gms:play-services-base:18.3.0] AndroidManifest.xml:21:19-78
134
135        <provider
135-->[com.google.firebase:firebase-common:20.4.2] AndroidManifest.xml:23:9-28:39
136            android:name="com.google.firebase.provider.FirebaseInitProvider"
136-->[com.google.firebase:firebase-common:20.4.2] AndroidManifest.xml:24:13-77
137            android:authorities="com.loki.kidato.firebaseinitprovider"
137-->[com.google.firebase:firebase-common:20.4.2] AndroidManifest.xml:25:13-72
138            android:directBootAware="true"
138-->[com.google.firebase:firebase-common:20.4.2] AndroidManifest.xml:26:13-43
139            android:exported="false"
139-->[com.google.firebase:firebase-common:20.4.2] AndroidManifest.xml:27:13-37
140            android:initOrder="100" />
140-->[com.google.firebase:firebase-common:20.4.2] AndroidManifest.xml:28:13-36
141
142        <activity
142-->[androidx.compose.ui:ui-tooling-android:1.7.0] AndroidManifest.xml:23:9-25:39
143            android:name="androidx.compose.ui.tooling.PreviewActivity"
143-->[androidx.compose.ui:ui-tooling-android:1.7.0] AndroidManifest.xml:24:13-71
144            android:exported="true" />
144-->[androidx.compose.ui:ui-tooling-android:1.7.0] AndroidManifest.xml:25:13-36
145        <activity
145-->[androidx.compose.ui:ui-test-manifest:1.7.0] AndroidManifest.xml:23:9-25:39
146            android:name="androidx.activity.ComponentActivity"
146-->[androidx.compose.ui:ui-test-manifest:1.7.0] AndroidManifest.xml:24:13-63
147            android:exported="true" />
147-->[androidx.compose.ui:ui-test-manifest:1.7.0] AndroidManifest.xml:25:13-36
148
149        <provider
149-->[androidx.emoji2:emoji2:1.3.0] AndroidManifest.xml:24:9-32:20
150            android:name="androidx.startup.InitializationProvider"
150-->[androidx.emoji2:emoji2:1.3.0] AndroidManifest.xml:25:13-67
151            android:authorities="com.loki.kidato.androidx-startup"
151-->[androidx.emoji2:emoji2:1.3.0] AndroidManifest.xml:26:13-68
152            android:exported="false" >
152-->[androidx.emoji2:emoji2:1.3.0] AndroidManifest.xml:27:13-37
153            <meta-data
153-->[androidx.emoji2:emoji2:1.3.0] AndroidManifest.xml:29:13-31:52
154                android:name="androidx.emoji2.text.EmojiCompatInitializer"
154-->[androidx.emoji2:emoji2:1.3.0] AndroidManifest.xml:30:17-75
155                android:value="androidx.startup" />
155-->[androidx.emoji2:emoji2:1.3.0] AndroidManifest.xml:31:17-49
156            <meta-data
156-->[androidx.lifecycle:lifecycle-process:2.8.3] AndroidManifest.xml:29:13-31:52
157                android:name="androidx.lifecycle.ProcessLifecycleInitializer"
157-->[androidx.lifecycle:lifecycle-process:2.8.3] AndroidManifest.xml:30:17-78
158                android:value="androidx.startup" />
158-->[androidx.lifecycle:lifecycle-process:2.8.3] AndroidManifest.xml:31:17-49
159            <meta-data
159-->[androidx.profileinstaller:profileinstaller:1.3.1] AndroidManifest.xml:29:13-31:52
160                android:name="androidx.profileinstaller.ProfileInstallerInitializer"
160-->[androidx.profileinstaller:profileinstaller:1.3.1] AndroidManifest.xml:30:17-85
161                android:value="androidx.startup" />
161-->[androidx.profileinstaller:profileinstaller:1.3.1] AndroidManifest.xml:31:17-49
162        </provider>
163
164        <meta-data
164-->[com.google.android.gms:play-services-basement:18.3.0] AndroidManifest.xml:21:9-23:69
165            android:name="com.google.android.gms.version"
165-->[com.google.android.gms:play-services-basement:18.3.0] AndroidManifest.xml:22:13-58
166            android:value="@integer/google_play_services_version" />
166-->[com.google.android.gms:play-services-basement:18.3.0] AndroidManifest.xml:23:13-66
167
168        <receiver
168-->[androidx.profileinstaller:profileinstaller:1.3.1] AndroidManifest.xml:34:9-52:20
169            android:name="androidx.profileinstaller.ProfileInstallReceiver"
169-->[androidx.profileinstaller:profileinstaller:1.3.1] AndroidManifest.xml:35:13-76
170            android:directBootAware="false"
170-->[androidx.profileinstaller:profileinstaller:1.3.1] AndroidManifest.xml:36:13-44
171            android:enabled="true"
171-->[androidx.profileinstaller:profileinstaller:1.3.1] AndroidManifest.xml:37:13-35
172            android:exported="true"
172-->[androidx.profileinstaller:profileinstaller:1.3.1] AndroidManifest.xml:38:13-36
173            android:permission="android.permission.DUMP" >
173-->[androidx.profileinstaller:profileinstaller:1.3.1] AndroidManifest.xml:39:13-57
174            <intent-filter>
174-->[androidx.profileinstaller:profileinstaller:1.3.1] AndroidManifest.xml:40:13-42:29
175                <action android:name="androidx.profileinstaller.action.INSTALL_PROFILE" />
175-->[androidx.profileinstaller:profileinstaller:1.3.1] AndroidManifest.xml:41:17-91
175-->[androidx.profileinstaller:profileinstaller:1.3.1] AndroidManifest.xml:41:25-88
176            </intent-filter>
177            <intent-filter>
177-->[androidx.profileinstaller:profileinstaller:1.3.1] AndroidManifest.xml:43:13-45:29
178                <action android:name="androidx.profileinstaller.action.SKIP_FILE" />
178-->[androidx.profileinstaller:profileinstaller:1.3.1] AndroidManifest.xml:44:17-85
178-->[androidx.profileinstaller:profileinstaller:1.3.1] AndroidManifest.xml:44:25-82
179            </intent-filter>
180            <intent-filter>
180-->[androidx.profileinstaller:profileinstaller:1.3.1] AndroidManifest.xml:46:13-48:29
181                <action android:name="androidx.profileinstaller.action.SAVE_PROFILE" />
181-->[androidx.profileinstaller:profileinstaller:1.3.1] AndroidManifest.xml:47:17-88
181-->[androidx.profileinstaller:profileinstaller:1.3.1] AndroidManifest.xml:47:25-85
182            </intent-filter>
183            <intent-filter>
183-->[androidx.profileinstaller:profileinstaller:1.3.1] AndroidManifest.xml:49:13-51:29
184                <action android:name="androidx.profileinstaller.action.BENCHMARK_OPERATION" />
184-->[androidx.profileinstaller:profileinstaller:1.3.1] AndroidManifest.xml:50:17-95
184-->[androidx.profileinstaller:profileinstaller:1.3.1] AndroidManifest.xml:50:25-92
185            </intent-filter>
186        </receiver>
187    </application>
188
189</manifest>